<?xml version="1.0" encoding="UTF-8"?>
<!-- Generated by org.testng.reporters.JUnitReportReporter -->
<testsuite hostname="QSP" failures="0" tests="1" name="scripts.Test0" time="0.009" errors="0" timestamp="2021-06-09T06:00:54 IST" skipped="0">
  <testcase classname="scripts.Test0" name="tc1" time="0.009"/>
</testsuite> <!-- scripts.Test0 -->
